<?xml version="1.0" encoding="UTF-8"?>
<robot generator="Robot 4.1.3 (Python 3.10.2 on darwin)" generated="20220505 20:35:52.316" rpa="false" schemaversion="2">
<suite id="s1" name="Amazon" source="/Users/vincentonodu/PycharmProjects/pythonProject1/tests/Amazon.robot">
<test id="s1-t1" name="User must sign in to check out">
<kw name="Open Browser" library="SeleniumLibrary">
<arg>https://app.hubspot.com/contacts/20819415/record/2-4001915/800285022/</arg>
<arg>chrome</arg>
<doc>Opens a new browser instance to the optional ``url``.</doc>
<msg timestamp="20220505 20:35:52.397" level="INFO">Opening browser 'chrome' to base url 'https://app.hubspot.com/contacts/20819415/record/2-4001915/800285022/'.</msg>
<status status="PASS" starttime="20220505 20:35:52.397" endtime="20220505 20:36:01.916"/>
</kw>
<kw name="Sleep" library="BuiltIn">
<arg>3s</arg>
<doc>Pauses the test executed for the given time.</doc>
<msg timestamp="20220505 20:36:04.918" level="INFO">Slept 3 seconds</msg>
<status status="PASS" starttime="20220505 20:36:01.917" endtime="20220505 20:36:04.918"/>
</kw>
<kw name="Close Browser" library="SeleniumLibrary">
<doc>Closes the current browser.</doc>
<status status="PASS" starttime="20220505 20:36:04.918" endtime="20220505 20:36:04.987"/>
</kw>
<doc>This is some basic info about the test</doc>
<tag>Smoke</tag>
<status status="PASS" starttime="20220505 20:35:52.397" endtime="20220505 20:36:04.987"/>
</test>
<doc>This is some basic info about the suite</doc>
<status status="PASS" starttime="20220505 20:35:52.317" endtime="20220505 20:36:04.988"/>
</suite>
<statistics>
<total>
<stat pass="1" fail="0" skip="0">All Tests</stat>
</total>
<tag>
<stat pass="1" fail="0" skip="0">Smoke</stat>
</tag>
<suite>
<stat pass="1" fail="0" skip="0" id="s1" name="Amazon">Amazon</stat>
</suite>
</statistics>
<errors>
</errors>
</robot>
